#! /usr/local/iverilog/bin/vvp
:ivl_version "11.0 (devel)" "(s20150603-642-g3bdb50da)";
:ivl_delay_selection "TYPICAL";
:vpi_time_precision + 0;
:vpi_module "system";
:vpi_module "vhdl_sys";
:vpi_module "vhdl_textio";
:vpi_module "v2005_math";
:vpi_module "va_math";
S_0000000000f82830 .scope module, "BO" "BO" 2 1;
 .timescale 0 0;
    .port_info 0 /INPUT 1 "START";
    .port_info 1 /INPUT 1 "RST";
    .port_info 2 /INPUT 1 "clk";
    .port_info 3 /OUTPUT 1 "LX";
    .port_info 4 /OUTPUT 1 "LS";
    .port_info 5 /OUTPUT 1 "LH";
    .port_info 6 /OUTPUT 1 "SEL_ULA";
    .port_info 7 /OUTPUT 2 "M0";
    .port_info 8 /OUTPUT 2 "M1";
    .port_info 9 /OUTPUT 2 "M2";
v0000000000f82a70_0 .var "LH", 0 0;
v0000000000f6cd60_0 .var "LS", 0 0;
v0000000000fb2540_0 .var "LX", 0 0;
v0000000000fb25e0_0 .var "M0", 1 0;
v0000000000fb2680_0 .var "M1", 1 0;
v0000000000fb2720_0 .var "M2", 1 0;
o0000000000fb70f8 .functor BUFZ 1, C4<z>; HiZ drive
v0000000000fb27c0_0 .net "RST", 0 0, o0000000000fb70f8;  0 drivers
v0000000000fb2860_0 .var "SEL_ULA", 0 0;
o0000000000fb7158 .functor BUFZ 1, C4<z>; HiZ drive
v0000000000fb2900_0 .net "START", 0 0, o0000000000fb7158;  0 drivers
o0000000000fb7188 .functor BUFZ 1, C4<z>; HiZ drive
v0000000000fb2a30_0 .net "clk", 0 0, o0000000000fb7188;  0 drivers
v0000000000fb2ad0_0 .var "state", 3 0;
E_0000000000fb42b0/0 .event negedge, v0000000000fb27c0_0;
E_0000000000fb42b0/1 .event posedge, v0000000000fb2a30_0;
E_0000000000fb42b0 .event/or E_0000000000fb42b0/0, E_0000000000fb42b0/1;
    .scope S_0000000000f82830;
T_0 ;
    %wait E_0000000000fb42b0;
    %load/vec4 v0000000000fb27c0_0;
    %flag_set/vec4 8;
    %jmp/0xz  T_0.0, 8;
    %pushi/vec4 0, 0, 1;
    %store/vec4 v0000000000fb2540_0, 0, 1;
    %pushi/vec4 0, 0, 1;
    %store/vec4 v0000000000f6cd60_0, 0, 1;
    %pushi/vec4 0, 0, 1;
    %store/vec4 v0000000000f82a70_0, 0, 1;
    %pushi/vec4 0, 0, 4;
    %store/vec4 v0000000000fb2ad0_0, 0, 4;
    %jmp T_0.1;
T_0.0 ;
    %load/vec4 v0000000000fb2ad0_0;
    %dup/vec4;
    %pushi/vec4 0, 0, 4;
    %cmp/u;
    %jmp/1 T_0.2, 6;
    %dup/vec4;
    %pushi/vec4 1, 0, 4;
    %cmp/u;
    %jmp/1 T_0.3, 6;
    %jmp T_0.4;
T_0.2 ;
    %load/vec4 v0000000000fb2900_0;
    %flag_set/vec4 8;
    %jmp/0xz  T_0.5, 8;
    %pushi/vec4 1, 0, 4;
    %assign/vec4 v0000000000fb2ad0_0, 0;
T_0.5 ;
    %jmp T_0.4;
T_0.3 ;
    %pushi/vec4 1, 0, 1;
    %store/vec4 v0000000000fb2540_0, 0, 1;
    %pushi/vec4 1, 0, 1;
    %store/vec4 v0000000000f82a70_0, 0, 1;
    %pushi/vec4 1, 0, 2;
    %store/vec4 v0000000000fb2680_0, 0, 2;
    %pushi/vec4 0, 0, 2;
    %store/vec4 v0000000000fb2720_0, 0, 2;
    %pushi/vec4 1, 0, 1;
    %store/vec4 v0000000000fb2860_0, 0, 1;
    %jmp T_0.4;
T_0.4 ;
    %pop/vec4 1;
T_0.1 ;
    %jmp T_0;
    .thread T_0;
# The file index is used to find the file name in the following table.
:file_names 3;
    "N/A";
    "<interactive>";
    "BC.v";
